<?xml version="1.0" encoding="UTF-8"?>
<testng-results ignored="0" total="1" passed="1" failed="0" skipped="0">
  <reporter-output>
  </reporter-output>
  <suite started-at="2023-11-11T21:58:24 EET" name="Default suite" finished-at="2023-11-11T21:58:28 EET" duration-ms="3772">
    <groups>
    </groups>
    <test started-at="2023-11-11T21:58:24 EET" name="Default test" finished-at="2023-11-11T21:58:28 EET" duration-ms="3772">
      <class name="tests.PharmacyRegistrationTest">
        <test-method is-config="true" signature="startDriver()[pri:0, instance:tests.PharmacyRegistrationTest@a1153bc]" started-at="2023-11-11T21:58:18 EET" name="startDriver" finished-at="2023-11-11T21:58:24 EET" duration-ms="5655" status="PASS">
          <reporter-output>
          </reporter-output>
        </test-method> <!-- startDriver -->
        <test-method signature="userCanRegisrerSuccessfully()[pri:0, instance:tests.PharmacyRegistrationTest@a1153bc]" started-at="2023-11-11T21:58:24 EET" name="userCanRegisrerSuccessfully" finished-at="2023-11-11T21:58:28 EET" duration-ms="3704" status="PASS">
          <reporter-output>
          </reporter-output>
        </test-method> <!-- userCanRegisrerSuccessfully -->
        <test-method is-config="true" signature="stopDriver()[pri:0, instance:tests.PharmacyRegistrationTest@a1153bc]" started-at="2023-11-11T21:58:28 EET" name="stopDriver" finished-at="2023-11-11T21:58:28 EET" duration-ms="0" status="PASS">
          <reporter-output>
          </reporter-output>
        </test-method> <!-- stopDriver -->
      </class> <!-- tests.PharmacyRegistrationTest -->
    </test> <!-- Default test -->
  </suite> <!-- Default suite -->
</testng-results>
